{"E:\\divakar\\microservice_project\\merged_project\\server.js": {"path":"E:\\divakar\\microservice_project\\merged_project\\server.js","statementMap":{"0":{"start":{"line":1,"column":16},"end":{"line":1,"column":34}},"1":{"start":{"line":2,"column":12},"end":{"line":2,"column":21}},"2":{"start":{"line":3,"column":19},"end":{"line":3,"column":41}},"3":{"start":{"line":4,"column":16},"end":{"line":4,"column":55}},"4":{"start":{"line":5,"column":0},"end":{"line":5,"column":24}},"5":{"start":{"line":6,"column":0},"end":{"line":6,"column":27}},"6":{"start":{"line":7,"column":0},"end":{"line":12,"column":2}},"7":{"start":{"line":13,"column":0},"end":{"line":13,"column":25}},"8":{"start":{"line":14,"column":19},"end":{"line":14,"column":48}},"9":{"start":{"line":15,"column":22},"end":{"line":15,"column":54}},"10":{"start":{"line":16,"column":21},"end":{"line":16,"column":52}},"11":{"start":{"line":17,"column":0},"end":{"line":17,"column":27}},"12":{"start":{"line":19,"column":0},"end":{"line":23,"column":2}},"13":{"start":{"line":20,"column":2},"end":{"line":22,"column":4}},"14":{"start":{"line":24,"column":0},"end":{"line":24,"column":32}},"15":{"start":{"line":25,"column":0},"end":{"line":25,"column":38}},"16":{"start":{"line":26,"column":0},"end":{"line":26,"column":36}},"17":{"start":{"line":28,"column":0},"end":{"line":28,"column":19}}},"fnMap":{"0":{"name":"(anonymous_0)","decl":{"start":{"line":19,"column":13},"end":{"line":19,"column":14}},"loc":{"start":{"line":19,"column":29},"end":{"line":23,"column":1}},"line":19}},"branchMap":{},"s":{"0":5,"1":5,"2":5,"3":5,"4":5,"5":5,"6":5,"7":5,"8":5,"9":5,"10":5,"11":5,"12":5,"13":2,"14":5,"15":5,"16":5,"17":5},"f":{"0":2},"b":{},"_coverageSchema":"1a1c01bbd47fc00a2c39e90264f33305004495a9","hash":"b7caad4c4cdab67e4c93ecb9d93665bcdcce59f4"}
,"E:\\divakar\\microservice_project\\merged_project\\config\\DbConnection.js": {"path":"E:\\divakar\\microservice_project\\merged_project\\config\\DbConnection.js","statementMap":{"0":{"start":{"line":1,"column":17},"end":{"line":1,"column":36}},"1":{"start":{"line":2,"column":14},"end":{"line":2,"column":30}},"2":{"start":{"line":3,"column":23},"end":{"line":32,"column":4}},"3":{"start":{"line":4,"column":2},"end":{"line":31,"column":4}},"4":{"start":{"line":6,"column":6},"end":{"line":12,"column":7}},"5":{"start":{"line":7,"column":8},"end":{"line":9,"column":10}},"6":{"start":{"line":11,"column":8},"end":{"line":11,"column":39}},"7":{"start":{"line":15,"column":19},"end":{"line":19,"column":6}},"8":{"start":{"line":20,"column":4},"end":{"line":28,"column":9}},"9":{"start":{"line":21,"column":8},"end":{"line":21,"column":27}},"10":{"start":{"line":21,"column":17},"end":{"line":21,"column":27}},"11":{"start":{"line":22,"column":8},"end":{"line":22,"column":34}},"12":{"start":{"line":23,"column":8},"end":{"line":27,"column":13}},"13":{"start":{"line":24,"column":12},"end":{"line":24,"column":31}},"14":{"start":{"line":24,"column":21},"end":{"line":24,"column":31}},"15":{"start":{"line":25,"column":12},"end":{"line":25,"column":44}},"16":{"start":{"line":29,"column":6},"end":{"line":29,"column":17}},"17":{"start":{"line":34,"column":0},"end":{"line":34,"column":32}}},"fnMap":{"0":{"name":"(anonymous_0)","decl":{"start":{"line":3,"column":24},"end":{"line":3,"column":25}},"loc":{"start":{"line":3,"column":30},"end":{"line":32,"column":1}},"line":3},"1":{"name":"(anonymous_1)","decl":{"start":{"line":5,"column":20},"end":{"line":5,"column":21}},"loc":{"start":{"line":5,"column":38},"end":{"line":13,"column":5}},"line":5},"2":{"name":"(anonymous_2)","decl":{"start":{"line":14,"column":18},"end":{"line":14,"column":19}},"loc":{"start":{"line":14,"column":39},"end":{"line":30,"column":5}},"line":14},"3":{"name":"(anonymous_3)","decl":{"start":{"line":20,"column":17},"end":{"line":20,"column":18}},"loc":{"start":{"line":20,"column":31},"end":{"line":28,"column":7}},"line":20},"4":{"name":"(anonymous_4)","decl":{"start":{"line":23,"column":54},"end":{"line":23,"column":55}},"loc":{"start":{"line":23,"column":77},"end":{"line":27,"column":11}},"line":23}},"branchMap":{"0":{"loc":{"start":{"line":21,"column":8},"end":{"line":21,"column":27}},"type":"if","locations":[{"start":{"line":21,"column":8},"end":{"line":21,"column":27}},{"start":{},"end":{}}],"line":21},"1":{"loc":{"start":{"line":24,"column":12},"end":{"line":24,"column":31}},"type":"if","locations":[{"start":{"line":24,"column":12},"end":{"line":24,"column":31}},{"start":{},"end":{}}],"line":24}},"s":{"0":9,"1":9,"2":9,"3":9,"4":30,"5":30,"6":0,"7":0,"8":0,"9":0,"10":0,"11":0,"12":0,"13":0,"14":0,"15":0,"16":0,"17":9},"f":{"0":9,"1":30,"2":0,"3":0,"4":0},"b":{"0":[0,0],"1":[0,0]},"_coverageSchema":"1a1c01bbd47fc00a2c39e90264f33305004495a9","hash":"1b56f9668e103a150369919f54029f227996f92d"}
,"E:\\divakar\\microservice_project\\merged_project\\config\\TestDatabaseConfig.js": {"path":"E:\\divakar\\microservice_project\\merged_project\\config\\TestDatabaseConfig.js","statementMap":{"0":{"start":{"line":1,"column":17},"end":{"line":1,"column":36}},"1":{"start":{"line":2,"column":30},"end":{"line":2,"column":62}},"2":{"start":{"line":4,"column":27},"end":{"line":34,"column":4}},"3":{"start":{"line":5,"column":16},"end":{"line":5,"column":25}},"4":{"start":{"line":7,"column":4},"end":{"line":33,"column":5}},"5":{"start":{"line":9,"column":12},"end":{"line":9,"column":53}},"6":{"start":{"line":10,"column":24},"end":{"line":10,"column":38}},"7":{"start":{"line":12,"column":12},"end":{"line":14,"column":15}},"8":{"start":{"line":17,"column":12},"end":{"line":21,"column":13}},"9":{"start":{"line":18,"column":16},"end":{"line":18,"column":57}},"10":{"start":{"line":19,"column":16},"end":{"line":19,"column":50}},"11":{"start":{"line":20,"column":16},"end":{"line":20,"column":35}},"12":{"start":{"line":24,"column":12},"end":{"line":31,"column":13}},"13":{"start":{"line":25,"column":36},"end":{"line":25,"column":67}},"14":{"start":{"line":27,"column":16},"end":{"line":30,"column":17}},"15":{"start":{"line":28,"column":39},"end":{"line":28,"column":55}},"16":{"start":{"line":29,"column":20},"end":{"line":29,"column":50}},"17":{"start":{"line":36,"column":0},"end":{"line":36,"column":36}}},"fnMap":{"0":{"name":"(anonymous_0)","decl":{"start":{"line":4,"column":28},"end":{"line":4,"column":29}},"loc":{"start":{"line":4,"column":34},"end":{"line":34,"column":1}},"line":4},"1":{"name":"(anonymous_1)","decl":{"start":{"line":8,"column":15},"end":{"line":8,"column":16}},"loc":{"start":{"line":8,"column":27},"end":{"line":15,"column":9}},"line":8},"2":{"name":"(anonymous_2)","decl":{"start":{"line":16,"column":22},"end":{"line":16,"column":23}},"loc":{"start":{"line":16,"column":34},"end":{"line":22,"column":9}},"line":16},"3":{"name":"(anonymous_3)","decl":{"start":{"line":23,"column":25},"end":{"line":23,"column":26}},"loc":{"start":{"line":23,"column":37},"end":{"line":32,"column":9}},"line":23}},"branchMap":{"0":{"loc":{"start":{"line":17,"column":12},"end":{"line":21,"column":13}},"type":"if","locations":[{"start":{"line":17,"column":12},"end":{"line":21,"column":13}},{"start":{},"end":{}}],"line":17},"1":{"loc":{"start":{"line":24,"column":12},"end":{"line":31,"column":13}},"type":"if","locations":[{"start":{"line":24,"column":12},"end":{"line":31,"column":13}},{"start":{},"end":{}}],"line":24}},"s":{"0":6,"1":6,"2":6,"3":6,"4":6,"5":6,"6":6,"7":6,"8":1,"9":1,"10":1,"11":1,"12":24,"13":24,"14":24,"15":0,"16":0,"17":6},"f":{"0":6,"1":6,"2":1,"3":24},"b":{"0":[1,0],"1":[24,0]},"_coverageSchema":"1a1c01bbd47fc00a2c39e90264f33305004495a9","hash":"5eb12c052389daca57af50685735eab7fbd5d652"}
,"E:\\divakar\\microservice_project\\merged_project\\errors\\ERROR_CODES.js": {"path":"E:\\divakar\\microservice_project\\merged_project\\errors\\ERROR_CODES.js","statementMap":{"0":{"start":{"line":1,"column":20},"end":{"line":4,"column":1}},"1":{"start":{"line":6,"column":0},"end":{"line":8,"column":1}}},"fnMap":{},"branchMap":{},"s":{"0":9,"1":9},"f":{},"b":{},"_coverageSchema":"1a1c01bbd47fc00a2c39e90264f33305004495a9","hash":"6f5ee7a9089fc23b2bf2ba44ddfa268d33ad4008"}
,"E:\\divakar\\microservice_project\\merged_project\\errors\\UserDataError.js": {"path":"E:\\divakar\\microservice_project\\merged_project\\errors\\UserDataError.js","statementMap":{"0":{"start":{"line":3,"column":8},"end":{"line":3,"column":31}},"1":{"start":{"line":4,"column":8},"end":{"line":4,"column":39}},"2":{"start":{"line":5,"column":8},"end":{"line":5,"column":33}},"3":{"start":{"line":6,"column":8},"end":{"line":6,"column":33}},"4":{"start":{"line":7,"column":8},"end":{"line":7,"column":35}},"5":{"start":{"line":11,"column":0},"end":{"line":11,"column":31}}},"fnMap":{"0":{"name":"(anonymous_0)","decl":{"start":{"line":2,"column":4},"end":{"line":2,"column":5}},"loc":{"start":{"line":2,"column":25},"end":{"line":8,"column":5}},"line":2}},"branchMap":{},"s":{"0":0,"1":0,"2":0,"3":0,"4":0,"5":9},"f":{"0":0},"b":{},"_coverageSchema":"1a1c01bbd47fc00a2c39e90264f33305004495a9","hash":"393fbe5cbbd92caa4e4a0c0a73b36483ac603f0f"}
,"E:\\divakar\\microservice_project\\merged_project\\http\\controllers\\BookingController.js": {"path":"E:\\divakar\\microservice_project\\merged_project\\http\\controllers\\BookingController.js","statementMap":{"0":{"start":{"line":1,"column":23},"end":{"line":1,"column":63}},"1":{"start":{"line":2,"column":20},"end":{"line":2,"column":56}},"2":{"start":{"line":3,"column":23},"end":{"line":3,"column":38}},"3":{"start":{"line":4,"column":26},"end":{"line":157,"column":4}},"4":{"start":{"line":5,"column":2},"end":{"line":156,"column":4}},"5":{"start":{"line":7,"column":21},"end":{"line":7,"column":23}},"6":{"start":{"line":8,"column":19},"end":{"line":8,"column":27}},"7":{"start":{"line":9,"column":72},"end":{"line":9,"column":80}},"8":{"start":{"line":10,"column":6},"end":{"line":56,"column":7}},"9":{"start":{"line":11,"column":8},"end":{"line":46,"column":9}},"10":{"start":{"line":15,"column":30},"end":{"line":22,"column":13}},"11":{"start":{"line":23,"column":31},"end":{"line":23,"column":44}},"12":{"start":{"line":24,"column":31},"end":{"line":24,"column":74}},"13":{"start":{"line":25,"column":12},"end":{"line":44,"column":13}},"14":{"start":{"line":26,"column":16},"end":{"line":27,"column":41}},"15":{"start":{"line":30,"column":30},"end":{"line":30,"column":68}},"16":{"start":{"line":31,"column":13},"end":{"line":31,"column":43}},"17":{"start":{"line":32,"column":13},"end":{"line":32,"column":39}},"18":{"start":{"line":33,"column":13},"end":{"line":33,"column":58}},"19":{"start":{"line":34,"column":13},"end":{"line":34,"column":46}},"20":{"start":{"line":48,"column":8},"end":{"line":48,"column":34}},"21":{"start":{"line":49,"column":8},"end":{"line":49,"column":50}},"22":{"start":{"line":51,"column":21},"end":{"line":51,"column":54}},"23":{"start":{"line":52,"column":8},"end":{"line":55,"column":11}},"24":{"start":{"line":60,"column":21},"end":{"line":60,"column":23}},"25":{"start":{"line":61,"column":6},"end":{"line":78,"column":7}},"26":{"start":{"line":62,"column":25},"end":{"line":62,"column":33}},"27":{"start":{"line":63,"column":27},"end":{"line":63,"column":78}},"28":{"start":{"line":64,"column":8},"end":{"line":64,"column":33}},"29":{"start":{"line":65,"column":8},"end":{"line":65,"column":50}},"30":{"start":{"line":66,"column":8},"end":{"line":66,"column":36}},"31":{"start":{"line":68,"column":8},"end":{"line":68,"column":30}},"32":{"start":{"line":69,"column":8},"end":{"line":69,"column":33}},"33":{"start":{"line":70,"column":8},"end":{"line":70,"column":62}},"34":{"start":{"line":71,"column":8},"end":{"line":71,"column":26}},"35":{"start":{"line":74,"column":8},"end":{"line":77,"column":11}},"36":{"start":{"line":82,"column":20},"end":{"line":82,"column":22}},"37":{"start":{"line":83,"column":6},"end":{"line":103,"column":7}},"38":{"start":{"line":84,"column":8},"end":{"line":91,"column":9}},"39":{"start":{"line":85,"column":31},"end":{"line":85,"column":40}},"40":{"start":{"line":86,"column":30},"end":{"line":86,"column":79}},"41":{"start":{"line":87,"column":10},"end":{"line":87,"column":36}},"42":{"start":{"line":88,"column":10},"end":{"line":88,"column":52}},"43":{"start":{"line":89,"column":10},"end":{"line":89,"column":37}},"44":{"start":{"line":90,"column":10},"end":{"line":90,"column":16}},"45":{"start":{"line":92,"column":8},"end":{"line":92,"column":34}},"46":{"start":{"line":93,"column":8},"end":{"line":93,"column":50}},"47":{"start":{"line":95,"column":8},"end":{"line":95,"column":34}},"48":{"start":{"line":96,"column":8},"end":{"line":96,"column":50}},"49":{"start":{"line":98,"column":18},"end":{"line":98,"column":51}},"50":{"start":{"line":99,"column":8},"end":{"line":102,"column":11}},"51":{"start":{"line":107,"column":21},"end":{"line":107,"column":34}},"52":{"start":{"line":108,"column":20},"end":{"line":108,"column":22}},"53":{"start":{"line":109,"column":6},"end":{"line":129,"column":7}},"54":{"start":{"line":110,"column":27},"end":{"line":110,"column":40}},"55":{"start":{"line":111,"column":27},"end":{"line":111,"column":72}},"56":{"start":{"line":112,"column":8},"end":{"line":121,"column":9}},"57":{"start":{"line":113,"column":12},"end":{"line":114,"column":37}},"58":{"start":{"line":117,"column":10},"end":{"line":117,"column":54}},"59":{"start":{"line":118,"column":16},"end":{"line":118,"column":42}},"60":{"start":{"line":119,"column":16},"end":{"line":119,"column":58}},"61":{"start":{"line":123,"column":8},"end":{"line":123,"column":34}},"62":{"start":{"line":124,"column":8},"end":{"line":124,"column":50}},"63":{"start":{"line":126,"column":8},"end":{"line":128,"column":11}},"64":{"start":{"line":132,"column":44},"end":{"line":132,"column":52}},"65":{"start":{"line":133,"column":20},"end":{"line":133,"column":22}},"66":{"start":{"line":134,"column":6},"end":{"line":154,"column":7}},"67":{"start":{"line":135,"column":27},"end":{"line":135,"column":40}},"68":{"start":{"line":136,"column":27},"end":{"line":136,"column":72}},"69":{"start":{"line":137,"column":8},"end":{"line":146,"column":9}},"70":{"start":{"line":138,"column":12},"end":{"line":139,"column":37}},"71":{"start":{"line":142,"column":10},"end":{"line":142,"column":76}},"72":{"start":{"line":143,"column":16},"end":{"line":143,"column":42}},"73":{"start":{"line":144,"column":16},"end":{"line":144,"column":58}},"74":{"start":{"line":148,"column":8},"end":{"line":148,"column":34}},"75":{"start":{"line":149,"column":8},"end":{"line":149,"column":50}},"76":{"start":{"line":151,"column":8},"end":{"line":153,"column":11}},"77":{"start":{"line":159,"column":0},"end":{"line":159,"column":35}}},"fnMap":{"0":{"name":"(anonymous_0)","decl":{"start":{"line":4,"column":27},"end":{"line":4,"column":28}},"loc":{"start":{"line":4,"column":33},"end":{"line":157,"column":1}},"line":4},"1":{"name":"(anonymous_1)","decl":{"start":{"line":6,"column":10},"end":{"line":6,"column":11}},"loc":{"start":{"line":6,"column":30},"end":{"line":57,"column":5}},"line":6},"2":{"name":"(anonymous_2)","decl":{"start":{"line":59,"column":17},"end":{"line":59,"column":18}},"loc":{"start":{"line":59,"column":34},"end":{"line":79,"column":5}},"line":59},"3":{"name":"(anonymous_3)","decl":{"start":{"line":81,"column":19},"end":{"line":81,"column":20}},"loc":{"start":{"line":81,"column":35},"end":{"line":104,"column":5}},"line":81},"4":{"name":"(anonymous_4)","decl":{"start":{"line":106,"column":20},"end":{"line":106,"column":21}},"loc":{"start":{"line":106,"column":36},"end":{"line":130,"column":5}},"line":106},"5":{"name":"(anonymous_5)","decl":{"start":{"line":131,"column":18},"end":{"line":131,"column":19}},"loc":{"start":{"line":131,"column":34},"end":{"line":155,"column":5}},"line":131}},"branchMap":{"0":{"loc":{"start":{"line":11,"column":8},"end":{"line":46,"column":9}},"type":"if","locations":[{"start":{"line":11,"column":8},"end":{"line":46,"column":9}},{"start":{},"end":{}}],"line":11},"1":{"loc":{"start":{"line":11,"column":12},"end":{"line":11,"column":38}},"type":"binary-expr","locations":[{"start":{"line":11,"column":12},"end":{"line":11,"column":20}},{"start":{"line":11,"column":24},"end":{"line":11,"column":38}}],"line":11},"2":{"loc":{"start":{"line":25,"column":12},"end":{"line":44,"column":13}},"type":"if","locations":[{"start":{"line":25,"column":12},"end":{"line":44,"column":13}},{"start":{"line":29,"column":16},"end":{"line":44,"column":13}}],"line":25},"3":{"loc":{"start":{"line":51,"column":21},"end":{"line":51,"column":54}},"type":"cond-expr","locations":[{"start":{"line":51,"column":37},"end":{"line":51,"column":50}},{"start":{"line":51,"column":52},"end":{"line":51,"column":54}}],"line":51},"4":{"loc":{"start":{"line":70,"column":27},"end":{"line":70,"column":62}},"type":"binary-expr","locations":[{"start":{"line":70,"column":27},"end":{"line":70,"column":36}},{"start":{"line":70,"column":40},"end":{"line":70,"column":62}}],"line":70},"5":{"loc":{"start":{"line":84,"column":8},"end":{"line":91,"column":9}},"type":"if","locations":[{"start":{"line":84,"column":8},"end":{"line":91,"column":9}},{"start":{},"end":{}}],"line":84},"6":{"loc":{"start":{"line":84,"column":11},"end":{"line":84,"column":44}},"type":"binary-expr","locations":[{"start":{"line":84,"column":11},"end":{"line":84,"column":25}},{"start":{"line":84,"column":29},"end":{"line":84,"column":44}}],"line":84},"7":{"loc":{"start":{"line":98,"column":18},"end":{"line":98,"column":51}},"type":"cond-expr","locations":[{"start":{"line":98,"column":34},"end":{"line":98,"column":47}},{"start":{"line":98,"column":49},"end":{"line":98,"column":51}}],"line":98},"8":{"loc":{"start":{"line":112,"column":8},"end":{"line":121,"column":9}},"type":"if","locations":[{"start":{"line":112,"column":8},"end":{"line":121,"column":9}},{"start":{"line":116,"column":12},"end":{"line":121,"column":9}}],"line":112},"9":{"loc":{"start":{"line":137,"column":8},"end":{"line":146,"column":9}},"type":"if","locations":[{"start":{"line":137,"column":8},"end":{"line":146,"column":9}},{"start":{"line":141,"column":12},"end":{"line":146,"column":9}}],"line":137}},"s":{"0":5,"1":5,"2":5,"3":5,"4":5,"5":0,"6":0,"7":0,"8":0,"9":0,"10":0,"11":0,"12":0,"13":0,"14":0,"15":0,"16":0,"17":0,"18":0,"19":0,"20":0,"21":0,"22":0,"23":0,"24":0,"25":0,"26":0,"27":0,"28":0,"29":0,"30":0,"31":0,"32":0,"33":0,"34":0,"35":0,"36":0,"37":0,"38":0,"39":0,"40":0,"41":0,"42":0,"43":0,"44":0,"45":0,"46":0,"47":0,"48":0,"49":0,"50":0,"51":0,"52":0,"53":0,"54":0,"55":0,"56":0,"57":0,"58":0,"59":0,"60":0,"61":0,"62":0,"63":0,"64":0,"65":0,"66":0,"67":0,"68":0,"69":0,"70":0,"71":0,"72":0,"73":0,"74":0,"75":0,"76":0,"77":5},"f":{"0":5,"1":0,"2":0,"3":0,"4":0,"5":0},"b":{"0":[0,0],"1":[0,0],"2":[0,0],"3":[0,0],"4":[0,0],"5":[0,0],"6":[0,0],"7":[0,0],"8":[0,0],"9":[0,0]},"_coverageSchema":"1a1c01bbd47fc00a2c39e90264f33305004495a9","hash":"b2d020719b3d16a9a652f2c7acaa921fca3830c5"}
,"E:\\divakar\\microservice_project\\merged_project\\http\\controllers\\DoctorController.js": {"path":"E:\\divakar\\microservice_project\\merged_project\\http\\controllers\\DoctorController.js","statementMap":{"0":{"start":{"line":1,"column":22},"end":{"line":1,"column":61}},"1":{"start":{"line":2,"column":23},"end":{"line":2,"column":38}},"2":{"start":{"line":3,"column":23},"end":{"line":85,"column":4}},"3":{"start":{"line":4,"column":2},"end":{"line":84,"column":4}},"4":{"start":{"line":6,"column":20},"end":{"line":6,"column":22}},"5":{"start":{"line":7,"column":6},"end":{"line":21,"column":7}},"6":{"start":{"line":8,"column":25},"end":{"line":8,"column":60}},"7":{"start":{"line":9,"column":8},"end":{"line":9,"column":34}},"8":{"start":{"line":10,"column":8},"end":{"line":10,"column":34}},"9":{"start":{"line":11,"column":8},"end":{"line":11,"column":31}},"10":{"start":{"line":14,"column":8},"end":{"line":14,"column":34}},"11":{"start":{"line":15,"column":8},"end":{"line":15,"column":50}},"12":{"start":{"line":18,"column":8},"end":{"line":20,"column":11}},"13":{"start":{"line":24,"column":21},"end":{"line":24,"column":23}},"14":{"start":{"line":25,"column":46},"end":{"line":25,"column":54}},"15":{"start":{"line":26,"column":6},"end":{"line":54,"column":7}},"16":{"start":{"line":27,"column":8},"end":{"line":45,"column":9}},"17":{"start":{"line":28,"column":30},"end":{"line":33,"column":13}},"18":{"start":{"line":34,"column":12},"end":{"line":34,"column":50}},"19":{"start":{"line":35,"column":12},"end":{"line":43,"column":17}},"20":{"start":{"line":37,"column":16},"end":{"line":37,"column":42}},"21":{"start":{"line":38,"column":16},"end":{"line":38,"column":61}},"22":{"start":{"line":41,"column":16},"end":{"line":41,"column":42}},"23":{"start":{"line":42,"column":16},"end":{"line":42,"column":58}},"24":{"start":{"line":47,"column":8},"end":{"line":47,"column":34}},"25":{"start":{"line":48,"column":8},"end":{"line":48,"column":50}},"26":{"start":{"line":50,"column":8},"end":{"line":50,"column":30}},"27":{"start":{"line":51,"column":8},"end":{"line":53,"column":11}},"28":{"start":{"line":57,"column":23},"end":{"line":57,"column":25}},"29":{"start":{"line":58,"column":30},"end":{"line":58,"column":38}},"30":{"start":{"line":59,"column":8},"end":{"line":80,"column":9}},"31":{"start":{"line":60,"column":10},"end":{"line":71,"column":11}},"32":{"start":{"line":61,"column":14},"end":{"line":69,"column":19}},"33":{"start":{"line":63,"column":18},"end":{"line":63,"column":44}},"34":{"start":{"line":64,"column":18},"end":{"line":64,"column":60}},"35":{"start":{"line":67,"column":18},"end":{"line":67,"column":44}},"36":{"start":{"line":68,"column":18},"end":{"line":68,"column":60}},"37":{"start":{"line":73,"column":10},"end":{"line":73,"column":36}},"38":{"start":{"line":74,"column":10},"end":{"line":74,"column":52}},"39":{"start":{"line":76,"column":10},"end":{"line":76,"column":32}},"40":{"start":{"line":77,"column":10},"end":{"line":79,"column":13}},"41":{"start":{"line":87,"column":0},"end":{"line":87,"column":32}}},"fnMap":{"0":{"name":"(anonymous_0)","decl":{"start":{"line":3,"column":24},"end":{"line":3,"column":25}},"loc":{"start":{"line":3,"column":30},"end":{"line":85,"column":1}},"line":3},"1":{"name":"(anonymous_1)","decl":{"start":{"line":5,"column":20},"end":{"line":5,"column":21}},"loc":{"start":{"line":5,"column":39},"end":{"line":22,"column":5}},"line":5},"2":{"name":"(anonymous_2)","decl":{"start":{"line":23,"column":20},"end":{"line":23,"column":21}},"loc":{"start":{"line":23,"column":40},"end":{"line":55,"column":5}},"line":23},"3":{"name":"(anonymous_3)","decl":{"start":{"line":36,"column":20},"end":{"line":36,"column":21}},"loc":{"start":{"line":36,"column":26},"end":{"line":39,"column":15}},"line":36},"4":{"name":"(anonymous_4)","decl":{"start":{"line":40,"column":21},"end":{"line":40,"column":22}},"loc":{"start":{"line":40,"column":27},"end":{"line":43,"column":15}},"line":40},"5":{"name":"(anonymous_5)","decl":{"start":{"line":56,"column":19},"end":{"line":56,"column":20}},"loc":{"start":{"line":56,"column":39},"end":{"line":81,"column":7}},"line":56},"6":{"name":"(anonymous_6)","decl":{"start":{"line":62,"column":22},"end":{"line":62,"column":23}},"loc":{"start":{"line":62,"column":28},"end":{"line":65,"column":17}},"line":62},"7":{"name":"(anonymous_7)","decl":{"start":{"line":66,"column":23},"end":{"line":66,"column":24}},"loc":{"start":{"line":66,"column":29},"end":{"line":69,"column":17}},"line":66}},"branchMap":{"0":{"loc":{"start":{"line":27,"column":8},"end":{"line":45,"column":9}},"type":"if","locations":[{"start":{"line":27,"column":8},"end":{"line":45,"column":9}},{"start":{},"end":{}}],"line":27},"1":{"loc":{"start":{"line":27,"column":12},"end":{"line":27,"column":38}},"type":"binary-expr","locations":[{"start":{"line":27,"column":12},"end":{"line":27,"column":20}},{"start":{"line":27,"column":24},"end":{"line":27,"column":38}}],"line":27},"2":{"loc":{"start":{"line":60,"column":10},"end":{"line":71,"column":11}},"type":"if","locations":[{"start":{"line":60,"column":10},"end":{"line":71,"column":11}},{"start":{},"end":{}}],"line":60}},"s":{"0":5,"1":5,"2":5,"3":5,"4":0,"5":0,"6":0,"7":0,"8":0,"9":0,"10":0,"11":0,"12":0,"13":0,"14":0,"15":0,"16":0,"17":0,"18":0,"19":0,"20":0,"21":0,"22":0,"23":0,"24":0,"25":0,"26":0,"27":0,"28":0,"29":0,"30":0,"31":0,"32":0,"33":0,"34":0,"35":0,"36":0,"37":0,"38":0,"39":0,"40":0,"41":5},"f":{"0":5,"1":0,"2":0,"3":0,"4":0,"5":0,"6":0,"7":0},"b":{"0":[0,0],"1":[0,0],"2":[0,0]},"_coverageSchema":"1a1c01bbd47fc00a2c39e90264f33305004495a9","hash":"349f38f3cf0fd35e590c1654585004d0dab81ccf"}
,"E:\\divakar\\microservice_project\\merged_project\\http\\controllers\\UserController.js": {"path":"E:\\divakar\\microservice_project\\merged_project\\http\\controllers\\UserController.js","statementMap":{"0":{"start":{"line":1,"column":20},"end":{"line":1,"column":57}},"1":{"start":{"line":2,"column":15},"end":{"line":2,"column":32}},"2":{"start":{"line":3,"column":16},"end":{"line":3,"column":51}},"3":{"start":{"line":4,"column":23},"end":{"line":159,"column":4}},"4":{"start":{"line":5,"column":2},"end":{"line":158,"column":4}},"5":{"start":{"line":7,"column":21},"end":{"line":7,"column":23}},"6":{"start":{"line":8,"column":6},"end":{"line":22,"column":7}},"7":{"start":{"line":9,"column":24},"end":{"line":9,"column":52}},"8":{"start":{"line":10,"column":8},"end":{"line":10,"column":34}},"9":{"start":{"line":11,"column":8},"end":{"line":11,"column":34}},"10":{"start":{"line":12,"column":8},"end":{"line":12,"column":32}},"11":{"start":{"line":14,"column":8},"end":{"line":14,"column":34}},"12":{"start":{"line":15,"column":8},"end":{"line":15,"column":50}},"13":{"start":{"line":17,"column":19},"end":{"line":17,"column":53}},"14":{"start":{"line":18,"column":8},"end":{"line":21,"column":11}},"15":{"start":{"line":25,"column":21},"end":{"line":25,"column":23}},"16":{"start":{"line":26,"column":50},"end":{"line":26,"column":58}},"17":{"start":{"line":27,"column":6},"end":{"line":61,"column":7}},"18":{"start":{"line":28,"column":8},"end":{"line":53,"column":9}},"19":{"start":{"line":29,"column":31},"end":{"line":29,"column":60}},"20":{"start":{"line":30,"column":24},"end":{"line":32,"column":12}},"21":{"start":{"line":33,"column":10},"end":{"line":52,"column":11}},"22":{"start":{"line":34,"column":30},"end":{"line":39,"column":13}},"23":{"start":{"line":40,"column":12},"end":{"line":48,"column":17}},"24":{"start":{"line":42,"column":16},"end":{"line":42,"column":42}},"25":{"start":{"line":43,"column":16},"end":{"line":43,"column":61}},"26":{"start":{"line":46,"column":16},"end":{"line":46,"column":42}},"27":{"start":{"line":47,"column":16},"end":{"line":47,"column":58}},"28":{"start":{"line":50,"column":12},"end":{"line":50,"column":38}},"29":{"start":{"line":51,"column":12},"end":{"line":51,"column":57}},"30":{"start":{"line":55,"column":8},"end":{"line":55,"column":34}},"31":{"start":{"line":56,"column":8},"end":{"line":56,"column":50}},"32":{"start":{"line":58,"column":8},"end":{"line":60,"column":11}},"33":{"start":{"line":65,"column":21},"end":{"line":65,"column":23}},"34":{"start":{"line":66,"column":37},"end":{"line":66,"column":45}},"35":{"start":{"line":67,"column":6},"end":{"line":94,"column":7}},"36":{"start":{"line":68,"column":8},"end":{"line":84,"column":9}},"37":{"start":{"line":69,"column":23},"end":{"line":71,"column":12}},"38":{"start":{"line":72,"column":10},"end":{"line":80,"column":11}},"39":{"start":{"line":73,"column":26},"end":{"line":73,"column":71}},"40":{"start":{"line":74,"column":12},"end":{"line":74,"column":47}},"41":{"start":{"line":75,"column":12},"end":{"line":75,"column":38}},"42":{"start":{"line":76,"column":12},"end":{"line":76,"column":49}},"43":{"start":{"line":78,"column":12},"end":{"line":78,"column":67}},"44":{"start":{"line":79,"column":12},"end":{"line":79,"column":38}},"45":{"start":{"line":82,"column":10},"end":{"line":82,"column":65}},"46":{"start":{"line":83,"column":10},"end":{"line":83,"column":36}},"47":{"start":{"line":86,"column":8},"end":{"line":86,"column":44}},"48":{"start":{"line":87,"column":8},"end":{"line":87,"column":34}},"49":{"start":{"line":89,"column":19},"end":{"line":89,"column":53}},"50":{"start":{"line":90,"column":8},"end":{"line":93,"column":11}},"51":{"start":{"line":98,"column":21},"end":{"line":98,"column":23}},"52":{"start":{"line":99,"column":33},"end":{"line":99,"column":41}},"53":{"start":{"line":100,"column":6},"end":{"line":125,"column":7}},"54":{"start":{"line":101,"column":8},"end":{"line":117,"column":9}},"55":{"start":{"line":102,"column":24},"end":{"line":102,"column":65}},"56":{"start":{"line":103,"column":10},"end":{"line":116,"column":11}},"57":{"start":{"line":104,"column":12},"end":{"line":112,"column":17}},"58":{"start":{"line":106,"column":16},"end":{"line":106,"column":42}},"59":{"start":{"line":107,"column":16},"end":{"line":107,"column":58}},"60":{"start":{"line":110,"column":16},"end":{"line":110,"column":42}},"61":{"start":{"line":111,"column":16},"end":{"line":111,"column":58}},"62":{"start":{"line":114,"column":12},"end":{"line":114,"column":38}},"63":{"start":{"line":115,"column":12},"end":{"line":115,"column":43}},"64":{"start":{"line":119,"column":8},"end":{"line":119,"column":34}},"65":{"start":{"line":120,"column":8},"end":{"line":120,"column":50}},"66":{"start":{"line":122,"column":8},"end":{"line":124,"column":11}},"67":{"start":{"line":129,"column":21},"end":{"line":129,"column":23}},"68":{"start":{"line":130,"column":23},"end":{"line":130,"column":36}},"69":{"start":{"line":131,"column":6},"end":{"line":156,"column":7}},"70":{"start":{"line":132,"column":8},"end":{"line":148,"column":9}},"71":{"start":{"line":133,"column":24},"end":{"line":133,"column":67}},"72":{"start":{"line":134,"column":10},"end":{"line":147,"column":11}},"73":{"start":{"line":135,"column":12},"end":{"line":143,"column":17}},"74":{"start":{"line":137,"column":16},"end":{"line":137,"column":42}},"75":{"start":{"line":138,"column":16},"end":{"line":138,"column":58}},"76":{"start":{"line":141,"column":16},"end":{"line":141,"column":42}},"77":{"start":{"line":142,"column":16},"end":{"line":142,"column":58}},"78":{"start":{"line":145,"column":12},"end":{"line":145,"column":38}},"79":{"start":{"line":146,"column":12},"end":{"line":146,"column":52}},"80":{"start":{"line":150,"column":8},"end":{"line":150,"column":34}},"81":{"start":{"line":151,"column":8},"end":{"line":151,"column":50}},"82":{"start":{"line":153,"column":8},"end":{"line":155,"column":11}},"83":{"start":{"line":161,"column":0},"end":{"line":161,"column":32}}},"fnMap":{"0":{"name":"(anonymous_0)","decl":{"start":{"line":4,"column":24},"end":{"line":4,"column":25}},"loc":{"start":{"line":4,"column":30},"end":{"line":159,"column":1}},"line":4},"1":{"name":"(anonymous_1)","decl":{"start":{"line":6,"column":14},"end":{"line":6,"column":15}},"loc":{"start":{"line":6,"column":34},"end":{"line":23,"column":5}},"line":6},"2":{"name":"(anonymous_2)","decl":{"start":{"line":24,"column":13},"end":{"line":24,"column":14}},"loc":{"start":{"line":24,"column":33},"end":{"line":62,"column":5}},"line":24},"3":{"name":"(anonymous_3)","decl":{"start":{"line":41,"column":20},"end":{"line":41,"column":21}},"loc":{"start":{"line":41,"column":26},"end":{"line":44,"column":15}},"line":41},"4":{"name":"(anonymous_4)","decl":{"start":{"line":45,"column":21},"end":{"line":45,"column":22}},"loc":{"start":{"line":45,"column":27},"end":{"line":48,"column":15}},"line":45},"5":{"name":"(anonymous_5)","decl":{"start":{"line":64,"column":11},"end":{"line":64,"column":12}},"loc":{"start":{"line":64,"column":31},"end":{"line":95,"column":5}},"line":64},"6":{"name":"(anonymous_6)","decl":{"start":{"line":97,"column":14},"end":{"line":97,"column":15}},"loc":{"start":{"line":97,"column":34},"end":{"line":126,"column":5}},"line":97},"7":{"name":"(anonymous_7)","decl":{"start":{"line":105,"column":20},"end":{"line":105,"column":21}},"loc":{"start":{"line":105,"column":26},"end":{"line":108,"column":15}},"line":105},"8":{"name":"(anonymous_8)","decl":{"start":{"line":109,"column":21},"end":{"line":109,"column":22}},"loc":{"start":{"line":109,"column":27},"end":{"line":112,"column":15}},"line":109},"9":{"name":"(anonymous_9)","decl":{"start":{"line":128,"column":16},"end":{"line":128,"column":17}},"loc":{"start":{"line":128,"column":36},"end":{"line":157,"column":5}},"line":128},"10":{"name":"(anonymous_10)","decl":{"start":{"line":136,"column":20},"end":{"line":136,"column":21}},"loc":{"start":{"line":136,"column":26},"end":{"line":139,"column":15}},"line":136},"11":{"name":"(anonymous_11)","decl":{"start":{"line":140,"column":21},"end":{"line":140,"column":22}},"loc":{"start":{"line":140,"column":27},"end":{"line":143,"column":15}},"line":140}},"branchMap":{"0":{"loc":{"start":{"line":17,"column":19},"end":{"line":17,"column":53}},"type":"cond-expr","locations":[{"start":{"line":17,"column":35},"end":{"line":17,"column":48}},{"start":{"line":17,"column":51},"end":{"line":17,"column":53}}],"line":17},"1":{"loc":{"start":{"line":28,"column":8},"end":{"line":53,"column":9}},"type":"if","locations":[{"start":{"line":28,"column":8},"end":{"line":53,"column":9}},{"start":{},"end":{}}],"line":28},"2":{"loc":{"start":{"line":28,"column":12},"end":{"line":28,"column":38}},"type":"binary-expr","locations":[{"start":{"line":28,"column":12},"end":{"line":28,"column":20}},{"start":{"line":28,"column":24},"end":{"line":28,"column":38}}],"line":28},"3":{"loc":{"start":{"line":33,"column":10},"end":{"line":52,"column":11}},"type":"if","locations":[{"start":{"line":33,"column":10},"end":{"line":52,"column":11}},{"start":{"line":49,"column":17},"end":{"line":52,"column":11}}],"line":33},"4":{"loc":{"start":{"line":68,"column":8},"end":{"line":84,"column":9}},"type":"if","locations":[{"start":{"line":68,"column":8},"end":{"line":84,"column":9}},{"start":{"line":81,"column":15},"end":{"line":84,"column":9}}],"line":68},"5":{"loc":{"start":{"line":68,"column":12},"end":{"line":68,"column":32}},"type":"binary-expr","locations":[{"start":{"line":68,"column":12},"end":{"line":68,"column":20}},{"start":{"line":68,"column":24},"end":{"line":68,"column":32}}],"line":68},"6":{"loc":{"start":{"line":72,"column":10},"end":{"line":80,"column":11}},"type":"if","locations":[{"start":{"line":72,"column":10},"end":{"line":80,"column":11}},{"start":{"line":77,"column":17},"end":{"line":80,"column":11}}],"line":72},"7":{"loc":{"start":{"line":72,"column":14},"end":{"line":72,"column":65}},"type":"binary-expr","locations":[{"start":{"line":72,"column":14},"end":{"line":72,"column":18}},{"start":{"line":72,"column":22},"end":{"line":72,"column":65}}],"line":72},"8":{"loc":{"start":{"line":89,"column":19},"end":{"line":89,"column":53}},"type":"cond-expr","locations":[{"start":{"line":89,"column":35},"end":{"line":89,"column":48}},{"start":{"line":89,"column":51},"end":{"line":89,"column":53}}],"line":89},"9":{"loc":{"start":{"line":101,"column":8},"end":{"line":117,"column":9}},"type":"if","locations":[{"start":{"line":101,"column":8},"end":{"line":117,"column":9}},{"start":{},"end":{}}],"line":101},"10":{"loc":{"start":{"line":101,"column":12},"end":{"line":101,"column":38}},"type":"binary-expr","locations":[{"start":{"line":101,"column":12},"end":{"line":101,"column":20}},{"start":{"line":101,"column":24},"end":{"line":101,"column":38}}],"line":101},"11":{"loc":{"start":{"line":103,"column":10},"end":{"line":116,"column":11}},"type":"if","locations":[{"start":{"line":103,"column":10},"end":{"line":116,"column":11}},{"start":{"line":113,"column":17},"end":{"line":116,"column":11}}],"line":103},"12":{"loc":{"start":{"line":132,"column":8},"end":{"line":148,"column":9}},"type":"if","locations":[{"start":{"line":132,"column":8},"end":{"line":148,"column":9}},{"start":{},"end":{}}],"line":132},"13":{"loc":{"start":{"line":132,"column":12},"end":{"line":132,"column":30}},"type":"binary-expr","locations":[{"start":{"line":132,"column":12},"end":{"line":132,"column":20}},{"start":{"line":132,"column":24},"end":{"line":132,"column":30}}],"line":132},"14":{"loc":{"start":{"line":134,"column":10},"end":{"line":147,"column":11}},"type":"if","locations":[{"start":{"line":134,"column":10},"end":{"line":147,"column":11}},{"start":{"line":144,"column":17},"end":{"line":147,"column":11}}],"line":134}},"s":{"0":5,"1":5,"2":5,"3":5,"4":5,"5":1,"6":1,"7":1,"8":1,"9":1,"10":1,"11":0,"12":0,"13":1,"14":1,"15":0,"16":0,"17":0,"18":0,"19":0,"20":0,"21":0,"22":0,"23":0,"24":0,"25":0,"26":0,"27":0,"28":0,"29":0,"30":0,"31":0,"32":0,"33":2,"34":2,"35":2,"36":2,"37":2,"38":2,"39":1,"40":1,"41":1,"42":1,"43":1,"44":1,"45":0,"46":0,"47":0,"48":0,"49":2,"50":2,"51":0,"52":0,"53":0,"54":0,"55":0,"56":0,"57":0,"58":0,"59":0,"60":0,"61":0,"62":0,"63":0,"64":0,"65":0,"66":0,"67":0,"68":0,"69":0,"70":0,"71":0,"72":0,"73":0,"74":0,"75":0,"76":0,"77":0,"78":0,"79":0,"80":0,"81":0,"82":0,"83":5},"f":{"0":5,"1":1,"2":0,"3":0,"4":0,"5":2,"6":0,"7":0,"8":0,"9":0,"10":0,"11":0},"b":{"0":[1,0],"1":[0,0],"2":[0,0],"3":[0,0],"4":[2,0],"5":[2,2],"6":[1,1],"7":[2,1],"8":[1,1],"9":[0,0],"10":[0,0],"11":[0,0],"12":[0,0],"13":[0,0],"14":[0,0]},"_coverageSchema":"1a1c01bbd47fc00a2c39e90264f33305004495a9","hash":"40e4871d3d593b2d8c26a2e8cce999fc5be65420"}
,"E:\\divakar\\microservice_project\\merged_project\\http\\middleware\\AllowAccess.js": {"path":"E:\\divakar\\microservice_project\\merged_project\\http\\middleware\\AllowAccess.js","statementMap":{"0":{"start":{"line":1,"column":26},"end":{"line":1,"column":50}},"1":{"start":{"line":3,"column":17},"end":{"line":17,"column":1}},"2":{"start":{"line":19,"column":20},"end":{"line":19,"column":49}},"3":{"start":{"line":21,"column":0},"end":{"line":21,"column":29}}},"fnMap":{},"branchMap":{},"s":{"0":5,"1":5,"2":5,"3":5},"f":{},"b":{},"_coverageSchema":"1a1c01bbd47fc00a2c39e90264f33305004495a9","hash":"54805c025c9c32ffa87cd250cdd3081fd6b717f4"}
,"E:\\divakar\\microservice_project\\merged_project\\http\\middleware\\AllowRoute.js": {"path":"E:\\divakar\\microservice_project\\merged_project\\http\\middleware\\AllowRoute.js","statementMap":{"0":{"start":{"line":1,"column":12},"end":{"line":1,"column":35}},"1":{"start":{"line":2,"column":16},"end":{"line":43,"column":4}},"2":{"start":{"line":3,"column":2},"end":{"line":42,"column":4}},"3":{"start":{"line":5,"column":26},"end":{"line":9,"column":7}},"4":{"start":{"line":10,"column":6},"end":{"line":10,"column":25}},"5":{"start":{"line":14,"column":6},"end":{"line":40,"column":7}},"6":{"start":{"line":15,"column":8},"end":{"line":34,"column":9}},"7":{"start":{"line":21,"column":10},"end":{"line":21,"column":17}},"8":{"start":{"line":23,"column":10},"end":{"line":33,"column":13}},"9":{"start":{"line":24,"column":12},"end":{"line":32,"column":13}},"10":{"start":{"line":25,"column":14},"end":{"line":25,"column":33}},"11":{"start":{"line":26,"column":14},"end":{"line":26,"column":21}},"12":{"start":{"line":28,"column":14},"end":{"line":31,"column":17}},"13":{"start":{"line":36,"column":8},"end":{"line":39,"column":11}},"14":{"start":{"line":45,"column":0},"end":{"line":45,"column":25}}},"fnMap":{"0":{"name":"(anonymous_0)","decl":{"start":{"line":2,"column":17},"end":{"line":2,"column":18}},"loc":{"start":{"line":2,"column":23},"end":{"line":43,"column":1}},"line":2},"1":{"name":"(anonymous_1)","decl":{"start":{"line":4,"column":31},"end":{"line":4,"column":32}},"loc":{"start":{"line":4,"column":47},"end":{"line":11,"column":5}},"line":4},"2":{"name":"(anonymous_2)","decl":{"start":{"line":13,"column":12},"end":{"line":13,"column":13}},"loc":{"start":{"line":13,"column":38},"end":{"line":41,"column":5}},"line":13},"3":{"name":"(anonymous_3)","decl":{"start":{"line":23,"column":57},"end":{"line":23,"column":58}},"loc":{"start":{"line":23,"column":75},"end":{"line":33,"column":11}},"line":23}},"branchMap":{"0":{"loc":{"start":{"line":15,"column":8},"end":{"line":34,"column":9}},"type":"if","locations":[{"start":{"line":15,"column":8},"end":{"line":34,"column":9}},{"start":{"line":22,"column":15},"end":{"line":34,"column":9}}],"line":15},"1":{"loc":{"start":{"line":17,"column":10},"end":{"line":19,"column":25}},"type":"binary-expr","locations":[{"start":{"line":17,"column":10},"end":{"line":17,"column":34}},{"start":{"line":18,"column":10},"end":{"line":18,"column":40}},{"start":{"line":19,"column":10},"end":{"line":19,"column":25}}],"line":17},"2":{"loc":{"start":{"line":24,"column":12},"end":{"line":32,"column":13}},"type":"if","locations":[{"start":{"line":24,"column":12},"end":{"line":32,"column":13}},{"start":{"line":27,"column":19},"end":{"line":32,"column":13}}],"line":24},"3":{"loc":{"start":{"line":24,"column":16},"end":{"line":24,"column":40}},"type":"binary-expr","locations":[{"start":{"line":24,"column":16},"end":{"line":24,"column":23}},{"start":{"line":24,"column":27},"end":{"line":24,"column":40}}],"line":24}},"s":{"0":6,"1":6,"2":6,"3":1,"4":1,"5":6,"6":6,"7":5,"8":1,"9":1,"10":0,"11":0,"12":1,"13":0,"14":6},"f":{"0":6,"1":1,"2":6,"3":1},"b":{"0":[5,1],"1":[6,5,3],"2":[0,1],"3":[1,0]},"_coverageSchema":"1a1c01bbd47fc00a2c39e90264f33305004495a9","hash":"61ebee028ea43f7bdbc4771ee27406b11388c578"}
,"E:\\divakar\\microservice_project\\merged_project\\http\\middleware\\RequestValidator.js": {"path":"E:\\divakar\\microservice_project\\merged_project\\http\\middleware\\RequestValidator.js","statementMap":{"0":{"start":{"line":1,"column":12},"end":{"line":1,"column":26}},"1":{"start":{"line":2,"column":25},"end":{"line":16,"column":1}},"2":{"start":{"line":3,"column":2},"end":{"line":15,"column":4}},"3":{"start":{"line":4,"column":22},"end":{"line":4,"column":67}},"4":{"start":{"line":5,"column":18},"end":{"line":5,"column":31}},"5":{"start":{"line":7,"column":4},"end":{"line":14,"column":5}},"6":{"start":{"line":8,"column":6},"end":{"line":8,"column":13}},"7":{"start":{"line":10,"column":26},"end":{"line":10,"column":31}},"8":{"start":{"line":11,"column":22},"end":{"line":11,"column":61}},"9":{"start":{"line":11,"column":41},"end":{"line":11,"column":50}},"10":{"start":{"line":12,"column":6},"end":{"line":12,"column":33}},"11":{"start":{"line":13,"column":6},"end":{"line":13,"column":45}},"12":{"start":{"line":17,"column":0},"end":{"line":17,"column":34}}},"fnMap":{"0":{"name":"(anonymous_0)","decl":{"start":{"line":2,"column":25},"end":{"line":2,"column":26}},"loc":{"start":{"line":2,"column":47},"end":{"line":16,"column":1}},"line":2},"1":{"name":"(anonymous_1)","decl":{"start":{"line":3,"column":9},"end":{"line":3,"column":10}},"loc":{"start":{"line":3,"column":29},"end":{"line":15,"column":3}},"line":3},"2":{"name":"(anonymous_2)","decl":{"start":{"line":11,"column":34},"end":{"line":11,"column":35}},"loc":{"start":{"line":11,"column":41},"end":{"line":11,"column":50}},"line":11}},"branchMap":{"0":{"loc":{"start":{"line":7,"column":4},"end":{"line":14,"column":5}},"type":"if","locations":[{"start":{"line":7,"column":4},"end":{"line":14,"column":5}},{"start":{"line":9,"column":11},"end":{"line":14,"column":5}}],"line":7}},"s":{"0":5,"1":5,"2":20,"3":0,"4":0,"5":0,"6":0,"7":0,"8":0,"9":0,"10":0,"11":0,"12":5},"f":{"0":20,"1":0,"2":0},"b":{"0":[0,0]},"_coverageSchema":"1a1c01bbd47fc00a2c39e90264f33305004495a9","hash":"0f2f6a77e6ef0d9256d41301793c3ac829117876"}
,"E:\\divakar\\microservice_project\\merged_project\\http\\middleware\\validator-schemas\\BookingSchema.js": {"path":"E:\\divakar\\microservice_project\\merged_project\\http\\middleware\\validator-schemas\\BookingSchema.js","statementMap":{"0":{"start":{"line":1,"column":12},"end":{"line":1,"column":26}},"1":{"start":{"line":2,"column":22},"end":{"line":22,"column":1}},"2":{"start":{"line":23,"column":0},"end":{"line":23,"column":31}}},"fnMap":{},"branchMap":{},"s":{"0":5,"1":5,"2":5},"f":{},"b":{},"_coverageSchema":"1a1c01bbd47fc00a2c39e90264f33305004495a9","hash":"fb4be1cce7b73a23642450dd79f1c302ed2b1962"}
,"E:\\divakar\\microservice_project\\merged_project\\http\\middleware\\validator-schemas\\UserSchema.js": {"path":"E:\\divakar\\microservice_project\\merged_project\\http\\middleware\\validator-schemas\\UserSchema.js","statementMap":{"0":{"start":{"line":1,"column":12},"end":{"line":1,"column":26}},"1":{"start":{"line":2,"column":19},"end":{"line":9,"column":1}},"2":{"start":{"line":10,"column":0},"end":{"line":10,"column":28}}},"fnMap":{},"branchMap":{},"s":{"0":5,"1":5,"2":5},"f":{},"b":{},"_coverageSchema":"1a1c01bbd47fc00a2c39e90264f33305004495a9","hash":"013cfc9102960418eaf6d4f73bc449087967c603"}
,"E:\\divakar\\microservice_project\\merged_project\\http\\routes\\Booking.js": {"path":"E:\\divakar\\microservice_project\\merged_project\\http\\routes\\Booking.js","statementMap":{"0":{"start":{"line":1,"column":16},"end":{"line":1,"column":34}},"1":{"start":{"line":2,"column":15},"end":{"line":2,"column":31}},"2":{"start":{"line":3,"column":26},"end":{"line":3,"column":69}},"3":{"start":{"line":4,"column":25},"end":{"line":4,"column":66}},"4":{"start":{"line":5,"column":22},"end":{"line":5,"column":78}},"5":{"start":{"line":7,"column":0},"end":{"line":7,"column":93}},"6":{"start":{"line":8,"column":0},"end":{"line":8,"column":108}},"7":{"start":{"line":9,"column":0},"end":{"line":9,"column":63}},"8":{"start":{"line":10,"column":0},"end":{"line":10,"column":101}},"9":{"start":{"line":11,"column":0},"end":{"line":11,"column":111}},"10":{"start":{"line":12,"column":0},"end":{"line":12,"column":23}}},"fnMap":{},"branchMap":{},"s":{"0":5,"1":5,"2":5,"3":5,"4":5,"5":5,"6":5,"7":5,"8":5,"9":5,"10":5},"f":{},"b":{},"_coverageSchema":"1a1c01bbd47fc00a2c39e90264f33305004495a9","hash":"fad125b53b1e06bede4b4c544ab7e679e3a5cdc4"}
,"E:\\divakar\\microservice_project\\merged_project\\http\\routes\\Doctor.js": {"path":"E:\\divakar\\microservice_project\\merged_project\\http\\routes\\Doctor.js","statementMap":{"0":{"start":{"line":1,"column":16},"end":{"line":1,"column":34}},"1":{"start":{"line":2,"column":15},"end":{"line":2,"column":31}},"2":{"start":{"line":3,"column":25},"end":{"line":3,"column":67}},"3":{"start":{"line":6,"column":0},"end":{"line":6,"column":58}},"4":{"start":{"line":7,"column":0},"end":{"line":7,"column":61}},"5":{"start":{"line":8,"column":0},"end":{"line":8,"column":61}},"6":{"start":{"line":9,"column":0},"end":{"line":9,"column":23}}},"fnMap":{},"branchMap":{},"s":{"0":5,"1":5,"2":5,"3":5,"4":5,"5":5,"6":5},"f":{},"b":{},"_coverageSchema":"1a1c01bbd47fc00a2c39e90264f33305004495a9","hash":"a43b670b9c38225405f9cd076c418de539e783eb"}
,"E:\\divakar\\microservice_project\\merged_project\\http\\routes\\User.js": {"path":"E:\\divakar\\microservice_project\\merged_project\\http\\routes\\User.js","statementMap":{"0":{"start":{"line":1,"column":16},"end":{"line":1,"column":34}},"1":{"start":{"line":2,"column":15},"end":{"line":2,"column":31}},"2":{"start":{"line":3,"column":23},"end":{"line":3,"column":63}},"3":{"start":{"line":4,"column":25},"end":{"line":4,"column":66}},"4":{"start":{"line":5,"column":19},"end":{"line":5,"column":72}},"5":{"start":{"line":8,"column":0},"end":{"line":8,"column":40}},"6":{"start":{"line":9,"column":0},"end":{"line":9,"column":42}},"7":{"start":{"line":10,"column":0},"end":{"line":10,"column":39}},"8":{"start":{"line":11,"column":0},"end":{"line":11,"column":49}},"9":{"start":{"line":12,"column":0},"end":{"line":12,"column":44}},"10":{"start":{"line":13,"column":0},"end":{"line":13,"column":23}}},"fnMap":{},"branchMap":{},"s":{"0":5,"1":5,"2":5,"3":5,"4":5,"5":5,"6":5,"7":5,"8":5,"9":5,"10":5},"f":{},"b":{},"_coverageSchema":"1a1c01bbd47fc00a2c39e90264f33305004495a9","hash":"394d1b67ab5a6ab5c698d9150a322f8de2dd8bdf"}
,"E:\\divakar\\microservice_project\\merged_project\\repositories\\BookingRepository.js": {"path":"E:\\divakar\\microservice_project\\merged_project\\repositories\\BookingRepository.js","statementMap":{"0":{"start":{"line":1,"column":24},"end":{"line":1,"column":56}},"1":{"start":{"line":2,"column":22},"end":{"line":2,"column":56}},"2":{"start":{"line":3,"column":36},"end":{"line":3,"column":69}},"3":{"start":{"line":4,"column":23},"end":{"line":4,"column":56}},"4":{"start":{"line":5,"column":17},"end":{"line":5,"column":36}},"5":{"start":{"line":9,"column":26},"end":{"line":87,"column":4}},"6":{"start":{"line":10,"column":2},"end":{"line":86,"column":4}},"7":{"start":{"line":12,"column":19},"end":{"line":12,"column":63}},"8":{"start":{"line":13,"column":23},"end":{"line":13,"column":60}},"9":{"start":{"line":14,"column":22},"end":{"line":14,"column":50}},"10":{"start":{"line":15,"column":6},"end":{"line":15,"column":21}},"11":{"start":{"line":18,"column":20},"end":{"line":18,"column":58}},"12":{"start":{"line":19,"column":23},"end":{"line":19,"column":60}},"13":{"start":{"line":20,"column":22},"end":{"line":25,"column":8}},"14":{"start":{"line":26,"column":6},"end":{"line":26,"column":21}},"15":{"start":{"line":29,"column":6},"end":{"line":29,"column":37}},"16":{"start":{"line":30,"column":20},"end":{"line":30,"column":58}},"17":{"start":{"line":31,"column":23},"end":{"line":31,"column":60}},"18":{"start":{"line":32,"column":24},"end":{"line":32,"column":38}},"19":{"start":{"line":33,"column":6},"end":{"line":56,"column":7}},"20":{"start":{"line":34,"column":8},"end":{"line":53,"column":9}},"21":{"start":{"line":35,"column":26},"end":{"line":35,"column":55}},"22":{"start":{"line":36,"column":10},"end":{"line":36,"column":37}},"23":{"start":{"line":38,"column":10},"end":{"line":38,"column":27}},"24":{"start":{"line":39,"column":10},"end":{"line":52,"column":11}},"25":{"start":{"line":41,"column":12},"end":{"line":46,"column":15}},"26":{"start":{"line":48,"column":12},"end":{"line":51,"column":15}},"27":{"start":{"line":55,"column":8},"end":{"line":55,"column":41}},"28":{"start":{"line":59,"column":19},"end":{"line":59,"column":57}},"29":{"start":{"line":60,"column":23},"end":{"line":60,"column":59}},"30":{"start":{"line":61,"column":26},"end":{"line":61,"column":64}},"31":{"start":{"line":62,"column":6},"end":{"line":64,"column":8}},"32":{"start":{"line":63,"column":8},"end":{"line":63,"column":56}},"33":{"start":{"line":65,"column":6},"end":{"line":65,"column":25}},"34":{"start":{"line":68,"column":6},"end":{"line":74,"column":7}},"35":{"start":{"line":69,"column":22},"end":{"line":69,"column":60}},"36":{"start":{"line":70,"column":25},"end":{"line":70,"column":62}},"37":{"start":{"line":71,"column":8},"end":{"line":71,"column":59}},"38":{"start":{"line":73,"column":8},"end":{"line":73,"column":53}},"39":{"start":{"line":77,"column":6},"end":{"line":84,"column":7}},"40":{"start":{"line":78,"column":8},"end":{"line":78,"column":44}},"41":{"start":{"line":79,"column":22},"end":{"line":79,"column":60}},"42":{"start":{"line":80,"column":25},"end":{"line":80,"column":62}},"43":{"start":{"line":81,"column":8},"end":{"line":81,"column":48}},"44":{"start":{"line":83,"column":8},"end":{"line":83,"column":53}},"45":{"start":{"line":89,"column":0},"end":{"line":89,"column":35}}},"fnMap":{"0":{"name":"(anonymous_0)","decl":{"start":{"line":9,"column":27},"end":{"line":9,"column":28}},"loc":{"start":{"line":9,"column":33},"end":{"line":87,"column":1}},"line":9},"1":{"name":"(anonymous_1)","decl":{"start":{"line":11,"column":23},"end":{"line":11,"column":24}},"loc":{"start":{"line":11,"column":39},"end":{"line":16,"column":5}},"line":11},"2":{"name":"(anonymous_2)","decl":{"start":{"line":17,"column":27},"end":{"line":17,"column":28}},"loc":{"start":{"line":17,"column":47},"end":{"line":27,"column":5}},"line":17},"3":{"name":"(anonymous_3)","decl":{"start":{"line":28,"column":10},"end":{"line":28,"column":11}},"loc":{"start":{"line":28,"column":26},"end":{"line":57,"column":5}},"line":28},"4":{"name":"(anonymous_4)","decl":{"start":{"line":58,"column":20},"end":{"line":58,"column":21}},"loc":{"start":{"line":58,"column":42},"end":{"line":66,"column":5}},"line":58},"5":{"name":"(anonymous_5)","decl":{"start":{"line":67,"column":17},"end":{"line":67,"column":18}},"loc":{"start":{"line":67,"column":46},"end":{"line":75,"column":5}},"line":67},"6":{"name":"(anonymous_6)","decl":{"start":{"line":76,"column":19},"end":{"line":76,"column":20}},"loc":{"start":{"line":76,"column":37},"end":{"line":85,"column":5}},"line":76}},"branchMap":{"0":{"loc":{"start":{"line":33,"column":6},"end":{"line":56,"column":7}},"type":"if","locations":[{"start":{"line":33,"column":6},"end":{"line":56,"column":7}},{"start":{"line":54,"column":13},"end":{"line":56,"column":7}}],"line":33},"1":{"loc":{"start":{"line":39,"column":10},"end":{"line":52,"column":11}},"type":"if","locations":[{"start":{"line":39,"column":10},"end":{"line":52,"column":11}},{"start":{"line":47,"column":17},"end":{"line":52,"column":11}}],"line":39},"2":{"loc":{"start":{"line":39,"column":14},"end":{"line":39,"column":39}},"type":"binary-expr","locations":[{"start":{"line":39,"column":14},"end":{"line":39,"column":17}},{"start":{"line":39,"column":21},"end":{"line":39,"column":39}}],"line":39},"3":{"loc":{"start":{"line":62,"column":6},"end":{"line":64,"column":8}},"type":"if","locations":[{"start":{"line":62,"column":6},"end":{"line":64,"column":8}},{"start":{},"end":{}}],"line":62},"4":{"loc":{"start":{"line":62,"column":9},"end":{"line":62,"column":54}},"type":"binary-expr","locations":[{"start":{"line":62,"column":9},"end":{"line":62,"column":27}},{"start":{"line":62,"column":31},"end":{"line":62,"column":54}}],"line":62}},"s":{"0":6,"1":6,"2":6,"3":6,"4":6,"5":6,"6":6,"7":0,"8":0,"9":0,"10":0,"11":1,"12":1,"13":1,"14":1,"15":5,"16":5,"17":5,"18":5,"19":5,"20":4,"21":4,"22":4,"23":0,"24":0,"25":0,"26":0,"27":1,"28":1,"29":1,"30":1,"31":1,"32":0,"33":1,"34":1,"35":1,"36":1,"37":1,"38":0,"39":1,"40":1,"41":1,"42":1,"43":1,"44":0,"45":6},"f":{"0":6,"1":0,"2":1,"3":5,"4":1,"5":1,"6":1},"b":{"0":[4,1],"1":[0,0],"2":[0,0],"3":[0,1],"4":[1,1]},"_coverageSchema":"1a1c01bbd47fc00a2c39e90264f33305004495a9","hash":"82303dcfe328c05741c2aa76cce9eca24cd406ff"}
,"E:\\divakar\\microservice_project\\merged_project\\repositories\\DoctorRepository.js": {"path":"E:\\divakar\\microservice_project\\merged_project\\repositories\\DoctorRepository.js","statementMap":{"0":{"start":{"line":1,"column":24},"end":{"line":1,"column":56}},"1":{"start":{"line":2,"column":22},"end":{"line":2,"column":56}},"2":{"start":{"line":3,"column":32},"end":{"line":3,"column":65}},"3":{"start":{"line":4,"column":23},"end":{"line":4,"column":56}},"4":{"start":{"line":7,"column":25},"end":{"line":61,"column":4}},"5":{"start":{"line":8,"column":4},"end":{"line":60,"column":5}},"6":{"start":{"line":10,"column":25},"end":{"line":10,"column":69}},"7":{"start":{"line":11,"column":27},"end":{"line":11,"column":60}},"8":{"start":{"line":12,"column":32},"end":{"line":12,"column":54}},"9":{"start":{"line":13,"column":13},"end":{"line":13,"column":30}},"10":{"start":{"line":16,"column":25},"end":{"line":16,"column":69}},"11":{"start":{"line":17,"column":28},"end":{"line":17,"column":61}},"12":{"start":{"line":18,"column":29},"end":{"line":18,"column":53}},"13":{"start":{"line":19,"column":13},"end":{"line":19,"column":26}},"14":{"start":{"line":22,"column":12},"end":{"line":22,"column":47}},"15":{"start":{"line":23,"column":25},"end":{"line":23,"column":69}},"16":{"start":{"line":24,"column":28},"end":{"line":24,"column":61}},"17":{"start":{"line":25,"column":36},"end":{"line":25,"column":56}},"18":{"start":{"line":26,"column":12},"end":{"line":26,"column":40}},"19":{"start":{"line":27,"column":12},"end":{"line":49,"column":13}},"20":{"start":{"line":28,"column":16},"end":{"line":46,"column":17}},"21":{"start":{"line":29,"column":35},"end":{"line":29,"column":58}},"22":{"start":{"line":30,"column":20},"end":{"line":30,"column":46}},"23":{"start":{"line":32,"column":18},"end":{"line":32,"column":34}},"24":{"start":{"line":33,"column":20},"end":{"line":45,"column":22}},"25":{"start":{"line":34,"column":24},"end":{"line":39,"column":26}},"26":{"start":{"line":41,"column":24},"end":{"line":44,"column":26}},"27":{"start":{"line":48,"column":16},"end":{"line":48,"column":55}},"28":{"start":{"line":52,"column":12},"end":{"line":58,"column":13}},"29":{"start":{"line":53,"column":29},"end":{"line":53,"column":73}},"30":{"start":{"line":54,"column":32},"end":{"line":54,"column":65}},"31":{"start":{"line":55,"column":14},"end":{"line":55,"column":52}},"32":{"start":{"line":57,"column":14},"end":{"line":57,"column":57}},"33":{"start":{"line":63,"column":0},"end":{"line":63,"column":33}}},"fnMap":{"0":{"name":"(anonymous_0)","decl":{"start":{"line":7,"column":27},"end":{"line":7,"column":28}},"loc":{"start":{"line":7,"column":33},"end":{"line":61,"column":1}},"line":7},"1":{"name":"(anonymous_1)","decl":{"start":{"line":9,"column":23},"end":{"line":9,"column":24}},"loc":{"start":{"line":9,"column":35},"end":{"line":14,"column":9}},"line":9},"2":{"name":"(anonymous_2)","decl":{"start":{"line":15,"column":29},"end":{"line":15,"column":30}},"loc":{"start":{"line":15,"column":45},"end":{"line":20,"column":9}},"line":15},"3":{"name":"(anonymous_3)","decl":{"start":{"line":21,"column":24},"end":{"line":21,"column":25}},"loc":{"start":{"line":21,"column":46},"end":{"line":50,"column":9}},"line":21},"4":{"name":"(anonymous_4)","decl":{"start":{"line":51,"column":21},"end":{"line":51,"column":22}},"loc":{"start":{"line":51,"column":39},"end":{"line":59,"column":9}},"line":51}},"branchMap":{"0":{"loc":{"start":{"line":27,"column":12},"end":{"line":49,"column":13}},"type":"if","locations":[{"start":{"line":27,"column":12},"end":{"line":49,"column":13}},{"start":{"line":47,"column":19},"end":{"line":49,"column":13}}],"line":27},"1":{"loc":{"start":{"line":33,"column":20},"end":{"line":45,"column":22}},"type":"if","locations":[{"start":{"line":33,"column":20},"end":{"line":45,"column":22}},{"start":{"line":40,"column":27},"end":{"line":45,"column":22}}],"line":33},"2":{"loc":{"start":{"line":33,"column":24},"end":{"line":33,"column":49}},"type":"binary-expr","locations":[{"start":{"line":33,"column":24},"end":{"line":33,"column":27}},{"start":{"line":33,"column":31},"end":{"line":33,"column":49}}],"line":33}},"s":{"0":5,"1":5,"2":5,"3":5,"4":5,"5":5,"6":2,"7":2,"8":2,"9":2,"10":2,"11":2,"12":2,"13":2,"14":4,"15":4,"16":4,"17":4,"18":4,"19":4,"20":2,"21":2,"22":2,"23":0,"24":0,"25":0,"26":0,"27":2,"28":1,"29":1,"30":1,"31":1,"32":0,"33":5},"f":{"0":5,"1":2,"2":2,"3":4,"4":1},"b":{"0":[2,2],"1":[0,0],"2":[0,0]},"_coverageSchema":"1a1c01bbd47fc00a2c39e90264f33305004495a9","hash":"e0735ee8997f5deb36194eb1a0ccfd97dd122500"}
,"E:\\divakar\\microservice_project\\merged_project\\repositories\\UserRepository.js": {"path":"E:\\divakar\\microservice_project\\merged_project\\repositories\\UserRepository.js","statementMap":{"0":{"start":{"line":1,"column":24},"end":{"line":1,"column":56}},"1":{"start":{"line":2,"column":22},"end":{"line":2,"column":56}},"2":{"start":{"line":3,"column":30},"end":{"line":3,"column":60}},"3":{"start":{"line":4,"column":23},"end":{"line":4,"column":56}},"4":{"start":{"line":7,"column":23},"end":{"line":69,"column":4}},"5":{"start":{"line":8,"column":4},"end":{"line":68,"column":5}},"6":{"start":{"line":10,"column":25},"end":{"line":10,"column":69}},"7":{"start":{"line":11,"column":25},"end":{"line":11,"column":54}},"8":{"start":{"line":12,"column":26},"end":{"line":12,"column":46}},"9":{"start":{"line":13,"column":13},"end":{"line":13,"column":24}},"10":{"start":{"line":16,"column":23},"end":{"line":16,"column":67}},"11":{"start":{"line":17,"column":25},"end":{"line":17,"column":54}},"12":{"start":{"line":18,"column":26},"end":{"line":18,"column":51}},"13":{"start":{"line":19,"column":13},"end":{"line":19,"column":24}},"14":{"start":{"line":22,"column":25},"end":{"line":22,"column":70}},"15":{"start":{"line":23,"column":26},"end":{"line":23,"column":55}},"16":{"start":{"line":24,"column":34},"end":{"line":24,"column":52}},"17":{"start":{"line":25,"column":12},"end":{"line":25,"column":38}},"18":{"start":{"line":26,"column":12},"end":{"line":48,"column":13}},"19":{"start":{"line":27,"column":16},"end":{"line":45,"column":17}},"20":{"start":{"line":28,"column":33},"end":{"line":28,"column":52}},"21":{"start":{"line":29,"column":20},"end":{"line":29,"column":44}},"22":{"start":{"line":31,"column":18},"end":{"line":31,"column":34}},"23":{"start":{"line":32,"column":20},"end":{"line":44,"column":22}},"24":{"start":{"line":33,"column":24},"end":{"line":38,"column":26}},"25":{"start":{"line":40,"column":24},"end":{"line":43,"column":26}},"26":{"start":{"line":47,"column":16},"end":{"line":47,"column":53}},"27":{"start":{"line":51,"column":12},"end":{"line":57,"column":13}},"28":{"start":{"line":52,"column":27},"end":{"line":52,"column":71}},"29":{"start":{"line":53,"column":28},"end":{"line":53,"column":57}},"30":{"start":{"line":54,"column":14},"end":{"line":54,"column":55}},"31":{"start":{"line":56,"column":14},"end":{"line":56,"column":55}},"32":{"start":{"line":60,"column":12},"end":{"line":66,"column":13}},"33":{"start":{"line":61,"column":29},"end":{"line":61,"column":73}},"34":{"start":{"line":62,"column":30},"end":{"line":62,"column":59}},"35":{"start":{"line":63,"column":14},"end":{"line":63,"column":50}},"36":{"start":{"line":65,"column":14},"end":{"line":65,"column":55}},"37":{"start":{"line":71,"column":0},"end":{"line":71,"column":31}}},"fnMap":{"0":{"name":"(anonymous_0)","decl":{"start":{"line":7,"column":25},"end":{"line":7,"column":26}},"loc":{"start":{"line":7,"column":31},"end":{"line":69,"column":1}},"line":7},"1":{"name":"(anonymous_1)","decl":{"start":{"line":9,"column":18},"end":{"line":9,"column":19}},"loc":{"start":{"line":9,"column":30},"end":{"line":14,"column":9}},"line":9},"2":{"name":"(anonymous_2)","decl":{"start":{"line":15,"column":27},"end":{"line":15,"column":28}},"loc":{"start":{"line":15,"column":43},"end":{"line":20,"column":9}},"line":15},"3":{"name":"(anonymous_3)","decl":{"start":{"line":21,"column":17},"end":{"line":21,"column":18}},"loc":{"start":{"line":21,"column":37},"end":{"line":49,"column":9}},"line":21},"4":{"name":"(anonymous_4)","decl":{"start":{"line":50,"column":18},"end":{"line":50,"column":19}},"loc":{"start":{"line":50,"column":41},"end":{"line":58,"column":9}},"line":50},"5":{"name":"(anonymous_5)","decl":{"start":{"line":59,"column":19},"end":{"line":59,"column":20}},"loc":{"start":{"line":59,"column":37},"end":{"line":67,"column":9}},"line":59}},"branchMap":{"0":{"loc":{"start":{"line":26,"column":12},"end":{"line":48,"column":13}},"type":"if","locations":[{"start":{"line":26,"column":12},"end":{"line":48,"column":13}},{"start":{"line":46,"column":19},"end":{"line":48,"column":13}}],"line":26},"1":{"loc":{"start":{"line":32,"column":20},"end":{"line":44,"column":22}},"type":"if","locations":[{"start":{"line":32,"column":20},"end":{"line":44,"column":22}},{"start":{"line":39,"column":27},"end":{"line":44,"column":22}}],"line":32},"2":{"loc":{"start":{"line":32,"column":24},"end":{"line":32,"column":49}},"type":"binary-expr","locations":[{"start":{"line":32,"column":24},"end":{"line":32,"column":27}},{"start":{"line":32,"column":31},"end":{"line":32,"column":49}}],"line":32}},"s":{"0":8,"1":8,"2":8,"3":8,"4":8,"5":8,"6":3,"7":3,"8":3,"9":3,"10":3,"11":3,"12":3,"13":3,"14":2,"15":2,"16":2,"17":2,"18":2,"19":2,"20":2,"21":2,"22":0,"23":0,"24":0,"25":0,"26":0,"27":2,"28":2,"29":2,"30":2,"31":0,"32":2,"33":2,"34":2,"35":2,"36":0,"37":8},"f":{"0":8,"1":3,"2":3,"3":2,"4":2,"5":2},"b":{"0":[2,0],"1":[0,0],"2":[0,0]},"_coverageSchema":"1a1c01bbd47fc00a2c39e90264f33305004495a9","hash":"8c25c7bad122512506948ff81cfa633861f48d68"}
,"E:\\divakar\\microservice_project\\merged_project\\repositories\\models\\BookingSchema.js": {"path":"E:\\divakar\\microservice_project\\merged_project\\repositories\\models\\BookingSchema.js","statementMap":{"0":{"start":{"line":1,"column":17},"end":{"line":1,"column":36}},"1":{"start":{"line":2,"column":15},"end":{"line":2,"column":30}},"2":{"start":{"line":3,"column":12},"end":{"line":3,"column":26}},"3":{"start":{"line":4,"column":25},"end":{"line":4,"column":56}},"4":{"start":{"line":6,"column":20},"end":{"line":16,"column":2}},"5":{"start":{"line":18,"column":18},"end":{"line":28,"column":1}},"6":{"start":{"line":19,"column":19},"end":{"line":26,"column":6}},"7":{"start":{"line":27,"column":4},"end":{"line":27,"column":52}},"8":{"start":{"line":29,"column":0},"end":{"line":29,"column":38}},"9":{"start":{"line":31,"column":0},"end":{"line":31,"column":41}}},"fnMap":{"0":{"name":"(anonymous_0)","decl":{"start":{"line":18,"column":18},"end":{"line":18,"column":19}},"loc":{"start":{"line":18,"column":28},"end":{"line":28,"column":1}},"line":18}},"branchMap":{},"s":{"0":6,"1":6,"2":6,"3":6,"4":6,"5":6,"6":5,"7":5,"8":6,"9":6},"f":{"0":5},"b":{},"_coverageSchema":"1a1c01bbd47fc00a2c39e90264f33305004495a9","hash":"9502a511930c4e446c545eb3a59ce9c562c8f21b"}
,"E:\\divakar\\microservice_project\\merged_project\\repositories\\models\\DoctorsSchema.js": {"path":"E:\\divakar\\microservice_project\\merged_project\\repositories\\models\\DoctorsSchema.js","statementMap":{"0":{"start":{"line":1,"column":17},"end":{"line":1,"column":36}},"1":{"start":{"line":2,"column":15},"end":{"line":2,"column":30}},"2":{"start":{"line":3,"column":12},"end":{"line":3,"column":26}},"3":{"start":{"line":5,"column":19},"end":{"line":14,"column":2}},"4":{"start":{"line":15,"column":18},"end":{"line":23,"column":1}},"5":{"start":{"line":16,"column":19},"end":{"line":21,"column":6}},"6":{"start":{"line":22,"column":4},"end":{"line":22,"column":53}},"7":{"start":{"line":25,"column":0},"end":{"line":25,"column":40}}},"fnMap":{"0":{"name":"(anonymous_0)","decl":{"start":{"line":15,"column":18},"end":{"line":15,"column":19}},"loc":{"start":{"line":15,"column":28},"end":{"line":23,"column":1}},"line":15}},"branchMap":{},"s":{"0":5,"1":5,"2":5,"3":5,"4":5,"5":4,"6":4,"7":5},"f":{"0":4},"b":{},"_coverageSchema":"1a1c01bbd47fc00a2c39e90264f33305004495a9","hash":"92cabfbe074b3daf2efd608a5d974ca2d37fb8ca"}
,"E:\\divakar\\microservice_project\\merged_project\\repositories\\models\\UserSchema.js": {"path":"E:\\divakar\\microservice_project\\merged_project\\repositories\\models\\UserSchema.js","statementMap":{"0":{"start":{"line":1,"column":17},"end":{"line":1,"column":36}},"1":{"start":{"line":2,"column":15},"end":{"line":2,"column":30}},"2":{"start":{"line":3,"column":12},"end":{"line":3,"column":26}},"3":{"start":{"line":5,"column":17},"end":{"line":16,"column":2}},"4":{"start":{"line":17,"column":18},"end":{"line":25,"column":1}},"5":{"start":{"line":18,"column":19},"end":{"line":23,"column":6}},"6":{"start":{"line":24,"column":4},"end":{"line":24,"column":52}},"7":{"start":{"line":27,"column":0},"end":{"line":27,"column":38}}},"fnMap":{"0":{"name":"(anonymous_0)","decl":{"start":{"line":17,"column":18},"end":{"line":17,"column":19}},"loc":{"start":{"line":17,"column":28},"end":{"line":25,"column":1}},"line":17}},"branchMap":{},"s":{"0":8,"1":8,"2":8,"3":8,"4":8,"5":2,"6":2,"7":8},"f":{"0":2},"b":{},"_coverageSchema":"1a1c01bbd47fc00a2c39e90264f33305004495a9","hash":"429a887dc661534ea633a6648cb6a3e51d76c195"}
,"E:\\divakar\\microservice_project\\merged_project\\services\\BookingService.js": {"path":"E:\\divakar\\microservice_project\\merged_project\\services\\BookingService.js","statementMap":{"0":{"start":{"line":1,"column":26},"end":{"line":1,"column":70}},"1":{"start":{"line":2,"column":14},"end":{"line":2,"column":30}},"2":{"start":{"line":5,"column":23},"end":{"line":27,"column":4}},"3":{"start":{"line":6,"column":2},"end":{"line":26,"column":4}},"4":{"start":{"line":8,"column":6},"end":{"line":8,"column":54}},"5":{"start":{"line":11,"column":6},"end":{"line":11,"column":31}},"6":{"start":{"line":12,"column":6},"end":{"line":12,"column":47}},"7":{"start":{"line":15,"column":6},"end":{"line":15,"column":57}},"8":{"start":{"line":18,"column":6},"end":{"line":18,"column":56}},"9":{"start":{"line":21,"column":6},"end":{"line":21,"column":67}},"10":{"start":{"line":24,"column":6},"end":{"line":24,"column":57}},"11":{"start":{"line":29,"column":0},"end":{"line":29,"column":32}}},"fnMap":{"0":{"name":"(anonymous_0)","decl":{"start":{"line":5,"column":24},"end":{"line":5,"column":25}},"loc":{"start":{"line":5,"column":30},"end":{"line":27,"column":1}},"line":5},"1":{"name":"(anonymous_1)","decl":{"start":{"line":7,"column":23},"end":{"line":7,"column":24}},"loc":{"start":{"line":7,"column":33},"end":{"line":9,"column":5}},"line":7},"2":{"name":"(anonymous_2)","decl":{"start":{"line":10,"column":10},"end":{"line":10,"column":11}},"loc":{"start":{"line":10,"column":26},"end":{"line":13,"column":5}},"line":10},"3":{"name":"(anonymous_3)","decl":{"start":{"line":14,"column":22},"end":{"line":14,"column":23}},"loc":{"start":{"line":14,"column":38},"end":{"line":16,"column":5}},"line":14},"4":{"name":"(anonymous_4)","decl":{"start":{"line":17,"column":21},"end":{"line":17,"column":22}},"loc":{"start":{"line":17,"column":37},"end":{"line":19,"column":5}},"line":17},"5":{"name":"(anonymous_5)","decl":{"start":{"line":20,"column":26},"end":{"line":20,"column":27}},"loc":{"start":{"line":20,"column":45},"end":{"line":22,"column":5}},"line":20},"6":{"name":"(anonymous_6)","decl":{"start":{"line":23,"column":17},"end":{"line":23,"column":18}},"loc":{"start":{"line":23,"column":34},"end":{"line":25,"column":5}},"line":23}},"branchMap":{},"s":{"0":5,"1":5,"2":5,"3":5,"4":0,"5":0,"6":0,"7":0,"8":0,"9":0,"10":0,"11":5},"f":{"0":5,"1":0,"2":0,"3":0,"4":0,"5":0,"6":0},"b":{},"_coverageSchema":"1a1c01bbd47fc00a2c39e90264f33305004495a9","hash":"2817dfd22f351e04e50ee7b7da617792090b5a68"}
,"E:\\divakar\\microservice_project\\merged_project\\services\\DoctorService.js": {"path":"E:\\divakar\\microservice_project\\merged_project\\services\\DoctorService.js","statementMap":{"0":{"start":{"line":1,"column":25},"end":{"line":1,"column":68}},"1":{"start":{"line":5,"column":22},"end":{"line":21,"column":4}},"2":{"start":{"line":6,"column":2},"end":{"line":20,"column":4}},"3":{"start":{"line":8,"column":6},"end":{"line":8,"column":46}},"4":{"start":{"line":11,"column":6},"end":{"line":11,"column":55}},"5":{"start":{"line":14,"column":6},"end":{"line":14,"column":42}},"6":{"start":{"line":15,"column":6},"end":{"line":15,"column":56}},"7":{"start":{"line":18,"column":8},"end":{"line":18,"column":56}},"8":{"start":{"line":23,"column":0},"end":{"line":23,"column":31}}},"fnMap":{"0":{"name":"(anonymous_0)","decl":{"start":{"line":5,"column":23},"end":{"line":5,"column":24}},"loc":{"start":{"line":5,"column":29},"end":{"line":21,"column":1}},"line":5},"1":{"name":"(anonymous_1)","decl":{"start":{"line":7,"column":19},"end":{"line":7,"column":20}},"loc":{"start":{"line":7,"column":31},"end":{"line":9,"column":5}},"line":7},"2":{"name":"(anonymous_2)","decl":{"start":{"line":10,"column":25},"end":{"line":10,"column":26}},"loc":{"start":{"line":10,"column":35},"end":{"line":12,"column":5}},"line":10},"3":{"name":"(anonymous_3)","decl":{"start":{"line":13,"column":20},"end":{"line":13,"column":21}},"loc":{"start":{"line":13,"column":36},"end":{"line":16,"column":5}},"line":13},"4":{"name":"(anonymous_4)","decl":{"start":{"line":17,"column":17},"end":{"line":17,"column":18}},"loc":{"start":{"line":17,"column":33},"end":{"line":19,"column":5}},"line":17}},"branchMap":{},"s":{"0":5,"1":5,"2":5,"3":1,"4":1,"5":1,"6":1,"7":1,"8":5},"f":{"0":5,"1":1,"2":1,"3":1,"4":1},"b":{},"_coverageSchema":"1a1c01bbd47fc00a2c39e90264f33305004495a9","hash":"e197e84d8cfce0b9006177f69c9dc14a15666a8f"}
,"E:\\divakar\\microservice_project\\merged_project\\services\\UserService.js": {"path":"E:\\divakar\\microservice_project\\merged_project\\services\\UserService.js","statementMap":{"0":{"start":{"line":1,"column":23},"end":{"line":1,"column":64}},"1":{"start":{"line":2,"column":14},"end":{"line":2,"column":30}},"2":{"start":{"line":5,"column":20},"end":{"line":27,"column":4}},"3":{"start":{"line":6,"column":2},"end":{"line":26,"column":4}},"4":{"start":{"line":8,"column":6},"end":{"line":8,"column":39}},"5":{"start":{"line":11,"column":6},"end":{"line":13,"column":7}},"6":{"start":{"line":12,"column":9},"end":{"line":12,"column":45}},"7":{"start":{"line":14,"column":6},"end":{"line":14,"column":55}},"8":{"start":{"line":17,"column":6},"end":{"line":17,"column":47}},"9":{"start":{"line":20,"column":6},"end":{"line":20,"column":36}},"10":{"start":{"line":21,"column":6},"end":{"line":21,"column":57}},"11":{"start":{"line":24,"column":6},"end":{"line":24,"column":50}},"12":{"start":{"line":29,"column":0},"end":{"line":29,"column":29}}},"fnMap":{"0":{"name":"(anonymous_0)","decl":{"start":{"line":5,"column":21},"end":{"line":5,"column":22}},"loc":{"start":{"line":5,"column":27},"end":{"line":27,"column":1}},"line":5},"1":{"name":"(anonymous_1)","decl":{"start":{"line":7,"column":14},"end":{"line":7,"column":15}},"loc":{"start":{"line":7,"column":26},"end":{"line":9,"column":5}},"line":7},"2":{"name":"(anonymous_2)","decl":{"start":{"line":10,"column":23},"end":{"line":10,"column":24}},"loc":{"start":{"line":10,"column":37},"end":{"line":15,"column":5}},"line":10},"3":{"name":"(anonymous_3)","decl":{"start":{"line":16,"column":13},"end":{"line":16,"column":14}},"loc":{"start":{"line":16,"column":29},"end":{"line":18,"column":5}},"line":16},"4":{"name":"(anonymous_4)","decl":{"start":{"line":19,"column":14},"end":{"line":19,"column":15}},"loc":{"start":{"line":19,"column":38},"end":{"line":22,"column":5}},"line":19},"5":{"name":"(anonymous_5)","decl":{"start":{"line":23,"column":17},"end":{"line":23,"column":18}},"loc":{"start":{"line":23,"column":33},"end":{"line":25,"column":5}},"line":23}},"branchMap":{"0":{"loc":{"start":{"line":11,"column":6},"end":{"line":13,"column":7}},"type":"if","locations":[{"start":{"line":11,"column":6},"end":{"line":13,"column":7}},{"start":{},"end":{}}],"line":11}},"s":{"0":7,"1":7,"2":7,"3":7,"4":2,"5":3,"6":1,"7":2,"8":1,"9":1,"10":1,"11":1,"12":7},"f":{"0":7,"1":2,"2":3,"3":1,"4":1,"5":1},"b":{"0":[1,2]},"_coverageSchema":"1a1c01bbd47fc00a2c39e90264f33305004495a9","hash":"b78eaa31ffde1e3b299d5798964d3d60bb9b72c0"}
}
